<?xml version="1.0" encoding="UTF-8"?>
<!-- Generated by org.testng.reporters.JUnitXMLReporter -->
<testsuite ignored="0" hostname="LAPTOP-TU3TK1JK" failures="2" tests="2" name="Default test" time="5.893" errors="0" timestamp="2022-11-15T15:34:59 IST">
  <testcase classname="ddfDemos.ddfEbayProdCatSearch" name="CatSearch" time="3.028">
    <failure type="org.openqa.selenium.WebDriverException" message="Returned value cannot be converted to WebElement: {stacktrace=Backtrace:
	Ordinal0 [0x00385FD3+2187219]
	Ordinal0 [0x0031E6D1+1763025]
	Ordinal0 [0x00233D40+802112]
	Ordinal0 [0x00256A00+944640]
	Ordinal0 [0x0027CA80+1100416]
	Ordinal0 [0x0027A8D3+1091795]
	Ordinal0 [0x0027A489+1090697]
	Ordinal0 [0x00215447+676935]
	Ordinal0 [0x002159C3+678339]
	Ordinal0 [0x00215DFA+679418]
	GetHandleVerifier [0x006290C2+2721218]
	GetHandleVerifier [0x0061AAF0+2662384]
	GetHandleVerifier [0x0041137A+526458]
	GetHandleVerifier [0x00410416+522518]
	Ordinal0 [0x00324EAB+1789611]
	Ordinal0 [0x002151D7+676311]
	Ordinal0 [0x00214C88+674952]
	GetHandleVerifier [0x0064BEDC+2864092]
	BaseThreadInitThunk [0x75CB6739+25]
	RtlGetFullPathName_UEx [0x77A28FD2+1218]
	RtlGetFullPathName_UEx [0x77A28F9D+1165]
, error=invalid session id, message=invalid session id}
Build info: version: &amp;apos;3.1.0&amp;apos;, revision: &amp;apos;b94c902&amp;apos;, time: &amp;apos;2017-02-16 12:21:31 -0800&amp;apos;
System info: host: &amp;apos;LAPTOP-TU3TK1JK&amp;apos;, ip: &amp;apos;192.168.1.134&amp;apos;, os.name: &amp;apos;Windows 11&amp;apos;, os.arch: &amp;apos;amd64&amp;apos;, os.version: &amp;apos;10.0&amp;apos;, java.version: &amp;apos;11.0.15.1&amp;apos;
Driver info: driver.version: RemoteWebDriver">
      <![CDATA[org.openqa.selenium.WebDriverException: Returned value cannot be converted to WebElement: {stacktrace=Backtrace:
Ordinal0 [0x00385FD3+2187219]
Ordinal0 [0x0031E6D1+1763025]
Ordinal0 [0x00233D40+802112]
Ordinal0 [0x00256A00+944640]
Ordinal0 [0x0027CA80+1100416]
Ordinal0 [0x0027A8D3+1091795]
Ordinal0 [0x0027A489+1090697]
Ordinal0 [0x00215447+676935]
Ordinal0 [0x002159C3+678339]
Ordinal0 [0x00215DFA+679418]
GetHandleVerifier [0x006290C2+2721218]
GetHandleVerifier [0x0061AAF0+2662384]
GetHandleVerifier [0x0041137A+526458]
GetHandleVerifier [0x00410416+522518]
Ordinal0 [0x00324EAB+1789611]
Ordinal0 [0x002151D7+676311]
Ordinal0 [0x00214C88+674952]
GetHandleVerifier [0x0064BEDC+2864092]
BaseThreadInitThunk [0x75CB6739+25]
RtlGetFullPathName_UEx [0x77A28FD2+1218]
RtlGetFullPathName_UEx [0x77A28F9D+1165]
, error=invalid session id, message=invalid session id}
Build info: version: '3.1.0', revision: 'b94c902', time: '2017-02-16 12:21:31 -0800'
System info: host: 'LAPTOP-TU3TK1JK', ip: '192.168.1.134', os.name: 'Windows 11', os.arch: 'amd64', os.version: '10.0', java.version: '11.0.15.1'
Driver info: driver.version: RemoteWebDriver
at org.openqa.selenium.remote.RemoteWebDriver.findElement(RemoteWebDriver.java:375)
at org.openqa.selenium.remote.RemoteWebDriver.findElementById(RemoteWebDriver.java:417)
at org.openqa.selenium.By$ById.findElement(By.java:218)
at org.openqa.selenium.remote.RemoteWebDriver.findElement(RemoteWebDriver.java:360)
at ddfDemos.ddfEbayProdCatSearch.CatSearch(ddfEbayProdCatSearch.java:29)
at java.base/jdk.internal.reflect.NativeMethodAccessorImpl.invoke0(Native Method)
at java.base/jdk.internal.reflect.NativeMethodAccessorImpl.invoke(NativeMethodAccessorImpl.java:62)
at java.base/jdk.internal.reflect.DelegatingMethodAccessorImpl.invoke(DelegatingMethodAccessorImpl.java:43)
at java.base/java.lang.reflect.Method.invoke(Method.java:566)
at org.testng.internal.MethodInvocationHelper.invokeMethod(MethodInvocationHelper.java:133)
at org.testng.internal.TestInvoker.invokeMethod(TestInvoker.java:598)
at org.testng.internal.TestInvoker.invokeTestMethod(TestInvoker.java:173)
at org.testng.internal.MethodRunner.runInSequence(MethodRunner.java:46)
at org.testng.internal.TestInvoker$MethodInvocationAgent.invoke(TestInvoker.java:824)
at org.testng.internal.TestInvoker.invokeTestMethods(TestInvoker.java:146)
at org.testng.internal.TestMethodWorker.invokeTestMethods(TestMethodWorker.java:146)
at org.testng.internal.TestMethodWorker.run(TestMethodWorker.java:128)
at java.base/java.util.ArrayList.forEach(ArrayList.java:1541)
at org.testng.TestRunner.privateRun(TestRunner.java:794)
at org.testng.TestRunner.run(TestRunner.java:596)
at org.testng.SuiteRunner.runTest(SuiteRunner.java:377)
at org.testng.SuiteRunner.runSequentially(SuiteRunner.java:371)
at org.testng.SuiteRunner.privateRun(SuiteRunner.java:332)
at org.testng.SuiteRunner.run(SuiteRunner.java:276)
at org.testng.SuiteRunnerWorker.runSuite(SuiteRunnerWorker.java:53)
at org.testng.SuiteRunnerWorker.run(SuiteRunnerWorker.java:96)
at org.testng.TestNG.runSuitesSequentially(TestNG.java:1212)
at org.testng.TestNG.runSuitesLocally(TestNG.java:1134)
at org.testng.TestNG.runSuites(TestNG.java:1063)
at org.testng.TestNG.run(TestNG.java:1031)
at org.testng.remote.AbstractRemoteTestNG.run(AbstractRemoteTestNG.java:115)
at org.testng.remote.RemoteTestNG.initAndRun(RemoteTestNG.java:251)
at org.testng.remote.RemoteTestNG.main(RemoteTestNG.java:77)
Caused by: java.lang.ClassCastException: class com.google.common.collect.Maps$TransformedEntriesMap cannot be cast to class org.openqa.selenium.WebElement (com.google.common.collect.Maps$TransformedEntriesMap and org.openqa.selenium.WebElement are in unnamed module of loader 'app')
at org.openqa.selenium.remote.RemoteWebDriver.findElement(RemoteWebDriver.java:373)
... 32 more
]]>
    </failure>
  </testcase> <!-- CatSearch -->
  <testcase classname="ddfDemos.ddfEbayProdCatSearch" name="CatSearch" time="2.194">
    <failure type="org.openqa.selenium.WebDriverException" message="Returned value cannot be converted to WebElement: {stacktrace=Backtrace:
	Ordinal0 [0x00385FD3+2187219]
	Ordinal0 [0x0031E6D1+1763025]
	Ordinal0 [0x00233D40+802112]
	Ordinal0 [0x00256A00+944640]
	Ordinal0 [0x0027CA80+1100416]
	Ordinal0 [0x0027A8D3+1091795]
	Ordinal0 [0x0027A489+1090697]
	Ordinal0 [0x00215447+676935]
	Ordinal0 [0x002159C3+678339]
	Ordinal0 [0x00215DFA+679418]
	GetHandleVerifier [0x006290C2+2721218]
	GetHandleVerifier [0x0061AAF0+2662384]
	GetHandleVerifier [0x0041137A+526458]
	GetHandleVerifier [0x00410416+522518]
	Ordinal0 [0x00324EAB+1789611]
	Ordinal0 [0x002151D7+676311]
	Ordinal0 [0x00214C88+674952]
	GetHandleVerifier [0x0064BEDC+2864092]
	BaseThreadInitThunk [0x75CB6739+25]
	RtlGetFullPathName_UEx [0x77A28FD2+1218]
	RtlGetFullPathName_UEx [0x77A28F9D+1165]
, error=invalid session id, message=invalid session id}
Build info: version: &amp;apos;3.1.0&amp;apos;, revision: &amp;apos;b94c902&amp;apos;, time: &amp;apos;2017-02-16 12:21:31 -0800&amp;apos;
System info: host: &amp;apos;LAPTOP-TU3TK1JK&amp;apos;, ip: &amp;apos;192.168.1.134&amp;apos;, os.name: &amp;apos;Windows 11&amp;apos;, os.arch: &amp;apos;amd64&amp;apos;, os.version: &amp;apos;10.0&amp;apos;, java.version: &amp;apos;11.0.15.1&amp;apos;
Driver info: driver.version: RemoteWebDriver">
      <![CDATA[org.openqa.selenium.WebDriverException: Returned value cannot be converted to WebElement: {stacktrace=Backtrace:
Ordinal0 [0x00385FD3+2187219]
Ordinal0 [0x0031E6D1+1763025]
Ordinal0 [0x00233D40+802112]
Ordinal0 [0x00256A00+944640]
Ordinal0 [0x0027CA80+1100416]
Ordinal0 [0x0027A8D3+1091795]
Ordinal0 [0x0027A489+1090697]
Ordinal0 [0x00215447+676935]
Ordinal0 [0x002159C3+678339]
Ordinal0 [0x00215DFA+679418]
GetHandleVerifier [0x006290C2+2721218]
GetHandleVerifier [0x0061AAF0+2662384]
GetHandleVerifier [0x0041137A+526458]
GetHandleVerifier [0x00410416+522518]
Ordinal0 [0x00324EAB+1789611]
Ordinal0 [0x002151D7+676311]
Ordinal0 [0x00214C88+674952]
GetHandleVerifier [0x0064BEDC+2864092]
BaseThreadInitThunk [0x75CB6739+25]
RtlGetFullPathName_UEx [0x77A28FD2+1218]
RtlGetFullPathName_UEx [0x77A28F9D+1165]
, error=invalid session id, message=invalid session id}
Build info: version: '3.1.0', revision: 'b94c902', time: '2017-02-16 12:21:31 -0800'
System info: host: 'LAPTOP-TU3TK1JK', ip: '192.168.1.134', os.name: 'Windows 11', os.arch: 'amd64', os.version: '10.0', java.version: '11.0.15.1'
Driver info: driver.version: RemoteWebDriver
at org.openqa.selenium.remote.RemoteWebDriver.findElement(RemoteWebDriver.java:375)
at org.openqa.selenium.remote.RemoteWebDriver.findElementById(RemoteWebDriver.java:417)
at org.openqa.selenium.By$ById.findElement(By.java:218)
at org.openqa.selenium.remote.RemoteWebDriver.findElement(RemoteWebDriver.java:360)
at ddfDemos.ddfEbayProdCatSearch.CatSearch(ddfEbayProdCatSearch.java:29)
at java.base/jdk.internal.reflect.NativeMethodAccessorImpl.invoke0(Native Method)
at java.base/jdk.internal.reflect.NativeMethodAccessorImpl.invoke(NativeMethodAccessorImpl.java:62)
at java.base/jdk.internal.reflect.DelegatingMethodAccessorImpl.invoke(DelegatingMethodAccessorImpl.java:43)
at java.base/java.lang.reflect.Method.invoke(Method.java:566)
at org.testng.internal.MethodInvocationHelper.invokeMethod(MethodInvocationHelper.java:133)
at org.testng.internal.TestInvoker.invokeMethod(TestInvoker.java:598)
at org.testng.internal.TestInvoker.invokeTestMethod(TestInvoker.java:173)
at org.testng.internal.MethodRunner.runInSequence(MethodRunner.java:46)
at org.testng.internal.TestInvoker$MethodInvocationAgent.invoke(TestInvoker.java:824)
at org.testng.internal.TestInvoker.invokeTestMethods(TestInvoker.java:146)
at org.testng.internal.TestMethodWorker.invokeTestMethods(TestMethodWorker.java:146)
at org.testng.internal.TestMethodWorker.run(TestMethodWorker.java:128)
at java.base/java.util.ArrayList.forEach(ArrayList.java:1541)
at org.testng.TestRunner.privateRun(TestRunner.java:794)
at org.testng.TestRunner.run(TestRunner.java:596)
at org.testng.SuiteRunner.runTest(SuiteRunner.java:377)
at org.testng.SuiteRunner.runSequentially(SuiteRunner.java:371)
at org.testng.SuiteRunner.privateRun(SuiteRunner.java:332)
at org.testng.SuiteRunner.run(SuiteRunner.java:276)
at org.testng.SuiteRunnerWorker.runSuite(SuiteRunnerWorker.java:53)
at org.testng.SuiteRunnerWorker.run(SuiteRunnerWorker.java:96)
at org.testng.TestNG.runSuitesSequentially(TestNG.java:1212)
at org.testng.TestNG.runSuitesLocally(TestNG.java:1134)
at org.testng.TestNG.runSuites(TestNG.java:1063)
at org.testng.TestNG.run(TestNG.java:1031)
at org.testng.remote.AbstractRemoteTestNG.run(AbstractRemoteTestNG.java:115)
at org.testng.remote.RemoteTestNG.initAndRun(RemoteTestNG.java:251)
at org.testng.remote.RemoteTestNG.main(RemoteTestNG.java:77)
Caused by: java.lang.ClassCastException: class com.google.common.collect.Maps$TransformedEntriesMap cannot be cast to class org.openqa.selenium.WebElement (com.google.common.collect.Maps$TransformedEntriesMap and org.openqa.selenium.WebElement are in unnamed module of loader 'app')
at org.openqa.selenium.remote.RemoteWebDriver.findElement(RemoteWebDriver.java:373)
... 32 more
]]>
    </failure>
  </testcase> <!-- CatSearch -->
</testsuite> <!-- Default test -->
